# JRE version: OpenJDK Runtime Environment (21.0.5) (build 21.0.5+-12932927-b750.29)
# Java VM: OpenJDK 64-Bit Server VM (21.0.5+-12932927-b750.29, mixed mode, tiered, compressed oops, compressed class ptrs, g1 gc, windows-amd64)
GC Precious Log:
 CardTable entry size: 512
 Card Set container configuration: InlinePtr #cards 5 size 8 Array Of Cards #cards 12 size 40 Howl #buckets 4 coarsen threshold 1843 Howl Bitmap #cards 512 size 80 coarsen threshold 460 Card regions per heap region 1 cards per card region 2048
 CPUs: 4 total, 4 available
 Memory: 8025M
 Large Page Support: Disabled
 NUMA Support: Disabled
 Compressed Oops: Enabled (32-bit)
 Heap Region Size: 1M
 Heap Min Capacity: 8M
 Heap Initial Capacity: 126M
 Heap Max Capacity: 2G
 Pre-touch: Disabled
 Parallel Workers: 4
 Concurrent Workers: 1
 Concurrent Refinement Workers: 4
 Periodic GC: Disabled
Heap:
 garbage-first heap   total 380928K, used 237293K [0x0000000080000000, 0x0000000100000000)
  region size 1024K, 48 young (49152K), 2 survivors (2048K)
 Metaspace       used 164337K, committed 166464K, reserved 1245184K
  class space    used 20490K, committed 21952K, reserved 1048576K
GC Heap History (20 events):
Event: 9426.776 GC heap before
{Heap before GC invocations=77 (full 0):
 garbage-first heap   total 362496K, used 204129K [0x0000000080000000, 0x0000000100000000)
  region size 1024K, 84 young (86016K), 2 survivors (2048K)
 Metaspace       used 162062K, committed 164352K, reserved 1245184K
  class space    used 20400K, committed 21952K, reserved 1048576K
}
Event: 9426.830 GC heap after
{Heap after GC invocations=78 (full 0):
 garbage-first heap   total 362496K, used 129855K [0x0000000080000000, 0x0000000100000000)
  region size 1024K, 10 young (10240K), 10 survivors (10240K)
 Metaspace       used 162062K, committed 164352K, reserved 1245184K
  class space    used 20400K, committed 21952K, reserved 1048576K
}
Event: 9433.221 GC heap before
{Heap before GC invocations=79 (full 0):
 garbage-first heap   total 362496K, used 259903K [0x0000000080000000, 0x0000000100000000)
  region size 1024K, 121 young (123904K), 10 survivors (10240K)
 Metaspace       used 161842K, committed 164352K, reserved 1245184K
  class space    used 20329K, committed 21952K, reserved 1048576K
}
Event: 9433.265 GC heap after
{Heap after GC invocations=80 (full 0):
 garbage-first heap   total 362496K, used 136939K [0x0000000080000000, 0x0000000100000000)
  region size 1024K, 8 young (8192K), 8 survivors (8192K)
 Metaspace       used 161842K, committed 164352K, reserved 1245184K
  class space    used 20329K, committed 21952K, reserved 1048576K
}
Event: 9868.833 GC heap before
{Heap before GC invocations=80 (full 0):
 garbage-first heap   total 362496K, used 361195K [0x0000000080000000, 0x0000000100000000)
  region size 1024K, 176 young (180224K), 8 survivors (8192K)
 Metaspace       used 162464K, committed 164864K, reserved 1245184K
  class space    used 20364K, committed 21952K, reserved 1048576K
}
Event: 9868.948 GC heap after
{Heap after GC invocations=81 (full 0):
 garbage-first heap   total 376832K, used 136536K [0x0000000080000000, 0x0000000100000000)
  region size 1024K, 12 young (12288K), 12 survivors (12288K)
 Metaspace       used 162464K, committed 164864K, reserved 1245184K
  class space    used 20364K, committed 21952K, reserved 1048576K
}
Event: 9925.302 GC heap before
{Heap before GC invocations=81 (full 0):
 garbage-first heap   total 376832K, used 341336K [0x0000000080000000, 0x0000000100000000)
  region size 1024K, 211 young (216064K), 12 survivors (12288K)
 Metaspace       used 163140K, committed 165312K, reserved 1245184K
  class space    used 20450K, committed 21952K, reserved 1048576K
}
Event: 9925.637 GC heap after
{Heap after GC invocations=82 (full 0):
 garbage-first heap   total 376832K, used 150074K [0x0000000080000000, 0x0000000100000000)
  region size 1024K, 27 young (27648K), 27 survivors (27648K)
 Metaspace       used 163140K, committed 165312K, reserved 1245184K
  class space    used 20450K, committed 21952K, reserved 1048576K
}
Event: 9926.574 GC heap before
{Heap before GC invocations=82 (full 0):
 garbage-first heap   total 376832K, used 164410K [0x0000000080000000, 0x0000000100000000)
  region size 1024K, 42 young (43008K), 27 survivors (27648K)
 Metaspace       used 163144K, committed 165312K, reserved 1245184K
  class space    used 20450K, committed 21952K, reserved 1048576K
}
Event: 9926.647 GC heap after
{Heap after GC invocations=83 (full 0):
 garbage-first heap   total 376832K, used 157184K [0x0000000080000000, 0x0000000100000000)
  region size 1024K, 6 young (6144K), 6 survivors (6144K)
 Metaspace       used 163144K, committed 165312K, reserved 1245184K
  class space    used 20450K, committed 21952K, reserved 1048576K
}
Event: 9933.277 GC heap before
{Heap before GC invocations=84 (full 0):
 garbage-first heap   total 376832K, used 223744K [0x0000000080000000, 0x0000000100000000)
  region size 1024K, 57 young (58368K), 6 survivors (6144K)
 Metaspace       used 163198K, committed 165312K, reserved 1245184K
  class space    used 20450K, committed 21952K, reserved 1048576K
}
Event: 9933.302 GC heap after
{Heap after GC invocations=85 (full 0):
 garbage-first heap   total 376832K, used 163840K [0x0000000080000000, 0x0000000100000000)
  region size 1024K, 6 young (6144K), 6 survivors (6144K)
 Metaspace       used 163198K, committed 165312K, reserved 1245184K
  class space    used 20450K, committed 21952K, reserved 1048576K
}
Event: 9936.743 GC heap before
{Heap before GC invocations=85 (full 0):
 garbage-first heap   total 376832K, used 338944K [0x0000000080000000, 0x0000000100000000)
  region size 1024K, 172 young (176128K), 6 survivors (6144K)
 Metaspace       used 163819K, committed 165952K, reserved 1245184K
  class space    used 20477K, committed 21952K, reserved 1048576K
}
Event: 9936.781 GC heap after
{Heap after GC invocations=86 (full 0):
 garbage-first heap   total 376832K, used 187875K [0x0000000080000000, 0x0000000100000000)
  region size 1024K, 22 young (22528K), 22 survivors (22528K)
 Metaspace       used 163819K, committed 165952K, reserved 1245184K
  class space    used 20477K, committed 21952K, reserved 1048576K
}
Event: 9936.862 GC heap before
{Heap before GC invocations=86 (full 0):
 garbage-first heap   total 376832K, used 194019K [0x0000000080000000, 0x0000000100000000)
  region size 1024K, 28 young (28672K), 22 survivors (22528K)
 Metaspace       used 163822K, committed 165952K, reserved 1245184K
  class space    used 20477K, committed 21952K, reserved 1048576K
}
Event: 9936.907 GC heap after
{Heap after GC invocations=87 (full 0):
 garbage-first heap   total 376832K, used 190464K [0x0000000080000000, 0x0000000100000000)
  region size 1024K, 2 young (2048K), 2 survivors (2048K)
 Metaspace       used 163822K, committed 165952K, reserved 1245184K
  class space    used 20477K, committed 21952K, reserved 1048576K
}
Event: 9939.441 GC heap before
{Heap before GC invocations=87 (full 0):
 garbage-first heap   total 376832K, used 327680K [0x0000000080000000, 0x0000000100000000)
  region size 1024K, 135 young (138240K), 2 survivors (2048K)
 Metaspace       used 164143K, committed 166336K, reserved 1245184K
  class space    used 20485K, committed 21952K, reserved 1048576K
}
Event: 9939.465 GC heap after
{Heap after GC invocations=88 (full 0):
 garbage-first heap   total 376832K, used 198554K [0x0000000080000000, 0x0000000100000000)
  region size 1024K, 12 young (12288K), 12 survivors (12288K)
 Metaspace       used 164143K, committed 166336K, reserved 1245184K
  class space    used 20485K, committed 21952K, reserved 1048576K
}
Event: 10133.032 GC heap before
{Heap before GC invocations=88 (full 0):
 garbage-first heap   total 376832K, used 370586K [0x0000000080000000, 0x0000000100000000)
  region size 1024K, 141 young (144384K), 12 survivors (12288K)
 Metaspace       used 164265K, committed 166400K, reserved 1245184K
  class space    used 20489K, committed 21952K, reserved 1048576K
}
Event: 10133.340 GC heap after
{Heap after GC invocations=89 (full 0):
 garbage-first heap   total 380928K, used 192237K [0x0000000080000000, 0x0000000100000000)
  region size 1024K, 2 young (2048K), 2 survivors (2048K)
 Metaspace       used 164265K, committed 166400K, reserved 1245184K
  class space    used 20489K, committed 21952K, reserved 1048576K
}

